[INFO] Scanning for projects...
[INFO] 
[INFO] ------------------< com.ecommerce:ecommerce-backend >-------------------
[INFO] Building ecommerce-backend 1.0.0
[INFO]   from pom.xml
[INFO] --------------------------------[ jar ]---------------------------------
[INFO] 
[INFO] >>> spring-boot:3.2.5:run (default-cli) > test-compile @ ecommerce-backend >>>
[INFO] 
[INFO] --- resources:3.3.1:resources (default-resources) @ ecommerce-backend ---
[INFO] Copying 2 resources from src\main\resources to target\classes
[INFO] Copying 0 resource from src\main\resources to target\classes
[INFO] 
[INFO] --- compiler:3.11.0:compile (default-compile) @ ecommerce-backend ---
[INFO] Changes detected - recompiling the module! :source
[INFO] Compiling 78 source files with javac [debug release 17] to target\classes
[INFO] 
[INFO] --- resources:3.3.1:testResources (default-testResources) @ ecommerce-backend ---
[INFO] skip non existing resourceDirectory D:\Vibe Coding\Ecommerce\backend\src\test\resources
[INFO] 
[INFO] --- compiler:3.11.0:testCompile (default-testCompile) @ ecommerce-backend ---
[INFO] No sources to compile
[INFO] 
[INFO] <<< spring-boot:3.2.5:run (default-cli) < test-compile @ ecommerce-backend <<<
[INFO] 
[INFO] 
[INFO] --- spring-boot:3.2.5:run (default-cli) @ ecommerce-backend ---
[INFO] Attaching agents: []

  .   ____          _            __ _ _
 /\\ / ___'_ __ _ _(_)_ __  __ _ \ \ \ \
( ( )\___ | '_ | '_| | '_ \/ _` | \ \ \ \
 \\/  ___)| |_)| | | | | || (_| |  ) ) ) )
  '  |____| .__|_| |_|_| |_\__, | / / / /
 =========|_|==============|___/=/_/_/_/
 :: Spring Boot ::                (v3.2.5)

2026-06-21T01:51:15.950+05:30  INFO 30640 --- [           main] com.ecommerce.EcommerceApplication       : Starting EcommerceApplication using Java 17.0.12 with PID 30640 (D:\Vibe Coding\Ecommerce\backend\target\classes started by Anmol Singh in D:\Vibe Coding\Ecommerce\backend)
2026-06-21T01:51:15.951+05:30  INFO 30640 --- [           main] com.ecommerce.EcommerceApplication       : No active profile set, falling back to 1 default profile: "default"
2026-06-21T01:51:16.349+05:30  INFO 30640 --- [           main] .s.d.r.c.RepositoryConfigurationDelegate : Bootstrapping Spring Data JPA repositories in DEFAULT mode.
2026-06-21T01:51:16.410+05:30  INFO 30640 --- [           main] .s.d.r.c.RepositoryConfigurationDelegate : Finished Spring Data repository scanning in 43 ms. Found 9 JPA repository interfaces.
2026-06-21T01:51:16.748+05:30  INFO 30640 --- [           main] o.s.b.w.embedded.tomcat.TomcatWebServer  : Tomcat initialized with port 8081 (http)
2026-06-21T01:51:16.769+05:30  INFO 30640 --- [           main] o.apache.catalina.core.StandardService   : Starting service [Tomcat]
2026-06-21T01:51:16.770+05:30  INFO 30640 --- [           main] o.apache.catalina.core.StandardEngine    : Starting Servlet engine: [Apache Tomcat/10.1.20]
2026-06-21T01:51:16.813+05:30  INFO 30640 --- [           main] o.a.c.c.C.[Tomcat].[localhost].[/]       : Initializing Spring embedded WebApplicationContext
2026-06-21T01:51:16.814+05:30  INFO 30640 --- [           main] w.s.c.ServletWebServerApplicationContext : Root WebApplicationContext: initialization completed in 836 ms
2026-06-21T01:51:16.918+05:30  INFO 30640 --- [           main] o.hibernate.jpa.internal.util.LogHelper  : HHH000204: Processing PersistenceUnitInfo [name: default]
2026-06-21T01:51:16.960+05:30  INFO 30640 --- [           main] org.hibernate.Version                    : HHH000412: Hibernate ORM core version 6.4.4.Final
2026-06-21T01:51:16.980+05:30  INFO 30640 --- [           main] o.h.c.internal.RegionFactoryInitiator    : HHH000026: Second-level cache disabled
2026-06-21T01:51:17.101+05:30  INFO 30640 --- [           main] o.s.o.j.p.SpringPersistenceUnitInfo      : No LoadTimeWeaver setup: ignoring JPA class transformer
2026-06-21T01:51:17.131+05:30  INFO 30640 --- [           main] com.zaxxer.hikari.HikariDataSource       : HikariPool-1 - Starting...
2026-06-21T01:51:17.236+05:30  INFO 30640 --- [           main] com.zaxxer.hikari.pool.HikariPool        : HikariPool-1 - Added connection org.postgresql.jdbc.PgConnection@5ab63a04
2026-06-21T01:51:17.250+05:30  INFO 30640 --- [           main] com.zaxxer.hikari.HikariDataSource       : HikariPool-1 - Start completed.
2026-06-21T01:51:17.928+05:30  INFO 30640 --- [           main] o.h.e.t.j.p.i.JtaPlatformInitiator       : HHH000489: No JTA platform available (set 'hibernate.transaction.jta.platform' to enable JTA platform integration)
2026-06-21T01:51:18.049+05:30  INFO 30640 --- [           main] j.LocalContainerEntityManagerFactoryBean : Initialized JPA EntityManagerFactory for persistence unit 'default'
2026-06-21T01:51:18.278+05:30  INFO 30640 --- [           main] o.s.d.j.r.query.QueryEnhancerFactory     : Hibernate is in classpath; If applicable, HQL parser will be used.
2026-06-21T01:51:18.638+05:30  WARN 30640 --- [           main] JpaBaseConfiguration$JpaWebConfiguration : spring.jpa.open-in-view is enabled by default. Therefore, database queries may be performed during view rendering. Explicitly configure spring.jpa.open-in-view to disable this warning
2026-06-21T01:51:18.820+05:30  INFO 30640 --- [           main] o.s.s.web.DefaultSecurityFilterChain     : Will secure any request with [org.springframework.security.web.session.DisableEncodeUrlFilter@ffd26d1, org.springframework.security.web.context.request.async.WebAsyncManagerIntegrationFilter@7dfc0fda, org.springframework.security.web.context.SecurityContextHolderFilter@1036bb9f, org.springframework.security.web.header.HeaderWriterFilter@28b995b8, org.springframework.web.filter.CorsFilter@e21d73, org.springframework.security.web.authentication.logout.LogoutFilter@688c914e, com.ecommerce.security.JwtAuthenticationFilter@2e590e36, org.springframework.security.web.savedrequest.RequestCacheAwareFilter@62df1f0e, org.springframework.security.web.servletapi.SecurityContextHolderAwareRequestFilter@3e6a55fb, org.springframework.security.web.authentication.AnonymousAuthenticationFilter@775c865f, org.springframework.security.web.session.SessionManagementFilter@4a77d2a5, org.springframework.security.web.access.ExceptionTranslationFilter@73032867, org.springframework.security.web.access.intercept.AuthorizationFilter@36e23af]
2026-06-21T01:51:18.962+05:30  INFO 30640 --- [           main] o.s.b.w.embedded.tomcat.TomcatWebServer  : Tomcat started on port 8081 (http) with context path ''
2026-06-21T01:51:18.979+05:30  INFO 30640 --- [           main] com.ecommerce.EcommerceApplication       : Started EcommerceApplication in 3.27 seconds (process running for 3.485)
2026-06-21T02:07:01.172+05:30  INFO 30640 --- [nio-8081-exec-1] o.a.c.c.C.[Tomcat].[localhost].[/]       : Initializing Spring DispatcherServlet 'dispatcherServlet'
2026-06-21T02:07:01.182+05:30  INFO 30640 --- [nio-8081-exec-1] o.s.web.servlet.DispatcherServlet        : Initializing Servlet 'dispatcherServlet'
2026-06-21T02:07:01.230+05:30  INFO 30640 --- [nio-8081-exec-1] o.s.web.servlet.DispatcherServlet        : Completed initialization in 48 ms
