[INFO] Scanning for projects...
[INFO] 
[INFO] ------------------< com.ecommerce:ecommerce-backend >-------------------
[INFO] Building ecommerce-backend 1.0.0
[INFO]   from pom.xml
[INFO] --------------------------------[ jar ]---------------------------------
[INFO] 
[INFO] >>> spring-boot:3.2.5:run (default-cli) > test-compile @ ecommerce-backend >>>
[INFO] 
[INFO] --- resources:3.3.1:resources (default-resources) @ ecommerce-backend ---
[INFO] Copying 2 resources from src\main\resources to target\classes
[INFO] Copying 0 resource from src\main\resources to target\classes
[INFO] 
[INFO] --- compiler:3.11.0:compile (default-compile) @ ecommerce-backend ---
[INFO] Nothing to compile - all classes are up to date
[INFO] 
[INFO] --- resources:3.3.1:testResources (default-testResources) @ ecommerce-backend ---
[INFO] skip non existing resourceDirectory D:\Vibe Coding\Ecommerce\backend\src\test\resources
[INFO] 
[INFO] --- compiler:3.11.0:testCompile (default-testCompile) @ ecommerce-backend ---
[INFO] No sources to compile
[INFO] 
[INFO] <<< spring-boot:3.2.5:run (default-cli) < test-compile @ ecommerce-backend <<<
[INFO] 
[INFO] 
[INFO] --- spring-boot:3.2.5:run (default-cli) @ ecommerce-backend ---
[INFO] Attaching agents: []

  .   ____          _            __ _ _
 /\\ / ___'_ __ _ _(_)_ __  __ _ \ \ \ \
( ( )\___ | '_ | '_| | '_ \/ _` | \ \ \ \
 \\/  ___)| |_)| | | | | || (_| |  ) ) ) )
  '  |____| .__|_| |_|_| |_\__, | / / / /
 =========|_|==============|___/=/_/_/_/
 :: Spring Boot ::                (v3.2.5)

2026-06-21T00:34:33.167+05:30  INFO 208 --- [           main] com.ecommerce.EcommerceApplication       : Starting EcommerceApplication using Java 17.0.12 with PID 208 (D:\Vibe Coding\Ecommerce\backend\target\classes started by Anmol Singh in D:\Vibe Coding\Ecommerce\backend)
2026-06-21T00:34:33.169+05:30  INFO 208 --- [           main] com.ecommerce.EcommerceApplication       : The following 1 profile is active: "dev"
2026-06-21T00:34:33.610+05:30  INFO 208 --- [           main] .s.d.r.c.RepositoryConfigurationDelegate : Bootstrapping Spring Data JPA repositories in DEFAULT mode.
2026-06-21T00:34:33.677+05:30  INFO 208 --- [           main] .s.d.r.c.RepositoryConfigurationDelegate : Finished Spring Data repository scanning in 45 ms. Found 7 JPA repository interfaces.
2026-06-21T00:34:34.013+05:30  INFO 208 --- [           main] o.s.b.w.embedded.tomcat.TomcatWebServer  : Tomcat initialized with port 8081 (http)
2026-06-21T00:34:34.033+05:30  INFO 208 --- [           main] o.apache.catalina.core.StandardService   : Starting service [Tomcat]
2026-06-21T00:34:34.034+05:30  INFO 208 --- [           main] o.apache.catalina.core.StandardEngine    : Starting Servlet engine: [Apache Tomcat/10.1.20]
2026-06-21T00:34:34.076+05:30  INFO 208 --- [           main] o.a.c.c.C.[Tomcat].[localhost].[/]       : Initializing Spring embedded WebApplicationContext
2026-06-21T00:34:34.078+05:30  INFO 208 --- [           main] w.s.c.ServletWebServerApplicationContext : Root WebApplicationContext: initialization completed in 880 ms
2026-06-21T00:34:34.096+05:30  INFO 208 --- [           main] com.zaxxer.hikari.HikariDataSource       : HikariPool-1 - Starting...
2026-06-21T00:34:34.205+05:30  INFO 208 --- [           main] com.zaxxer.hikari.pool.HikariPool        : HikariPool-1 - Added connection conn0: url=jdbc:h2:mem:ecommerce user=SA
2026-06-21T00:34:34.218+05:30  INFO 208 --- [           main] com.zaxxer.hikari.HikariDataSource       : HikariPool-1 - Start completed.
2026-06-21T00:34:34.224+05:30  INFO 208 --- [           main] o.s.b.a.h2.H2ConsoleAutoConfiguration    : H2 console available at '/h2-console'. Database available at 'jdbc:h2:mem:ecommerce'
2026-06-21T00:34:34.283+05:30  INFO 208 --- [           main] o.hibernate.jpa.internal.util.LogHelper  : HHH000204: Processing PersistenceUnitInfo [name: default]
2026-06-21T00:34:34.315+05:30  INFO 208 --- [           main] org.hibernate.Version                    : HHH000412: Hibernate ORM core version 6.4.4.Final
2026-06-21T00:34:34.336+05:30  INFO 208 --- [           main] o.h.c.internal.RegionFactoryInitiator    : HHH000026: Second-level cache disabled
2026-06-21T00:34:34.468+05:30  INFO 208 --- [           main] o.s.o.j.p.SpringPersistenceUnitInfo      : No LoadTimeWeaver setup: ignoring JPA class transformer
2026-06-21T00:34:34.504+05:30  WARN 208 --- [           main] org.hibernate.orm.deprecation            : HHH90000025: H2Dialect does not need to be specified explicitly using 'hibernate.dialect' (remove the property setting and it will be selected by default)
2026-06-21T00:34:35.135+05:30  INFO 208 --- [           main] o.h.e.t.j.p.i.JtaPlatformInitiator       : HHH000489: No JTA platform available (set 'hibernate.transaction.jta.platform' to enable JTA platform integration)
2026-06-21T00:34:35.206+05:30  INFO 208 --- [           main] j.LocalContainerEntityManagerFactoryBean : Initialized JPA EntityManagerFactory for persistence unit 'default'
2026-06-21T00:34:35.419+05:30  INFO 208 --- [           main] o.s.d.j.r.query.QueryEnhancerFactory     : Hibernate is in classpath; If applicable, HQL parser will be used.
2026-06-21T00:34:35.742+05:30  WARN 208 --- [           main] JpaBaseConfiguration$JpaWebConfiguration : spring.jpa.open-in-view is enabled by default. Therefore, database queries may be performed during view rendering. Explicitly configure spring.jpa.open-in-view to disable this warning
2026-06-21T00:34:35.902+05:30  INFO 208 --- [           main] o.s.s.web.DefaultSecurityFilterChain     : Will secure any request with [org.springframework.security.web.session.DisableEncodeUrlFilter@545bc8e1, org.springframework.security.web.context.request.async.WebAsyncManagerIntegrationFilter@5f3705e7, org.springframework.security.web.context.SecurityContextHolderFilter@ef09e1, org.springframework.security.web.header.HeaderWriterFilter@4df5b562, org.springframework.web.filter.CorsFilter@7528089c, org.springframework.security.web.authentication.logout.LogoutFilter@2cf073da, com.ecommerce.security.JwtAuthenticationFilter@1a34f8e2, org.springframework.security.web.savedrequest.RequestCacheAwareFilter@930b6f9, org.springframework.security.web.servletapi.SecurityContextHolderAwareRequestFilter@15363eba, org.springframework.security.web.authentication.AnonymousAuthenticationFilter@8872669, org.springframework.security.web.session.SessionManagementFilter@7cb4fc46, org.springframework.security.web.access.ExceptionTranslationFilter@3e93ee71, org.springframework.security.web.access.intercept.AuthorizationFilter@3d26c82d]
2026-06-21T00:34:36.043+05:30  INFO 208 --- [           main] o.s.b.w.embedded.tomcat.TomcatWebServer  : Tomcat started on port 8081 (http) with context path ''
2026-06-21T00:34:36.062+05:30  INFO 208 --- [           main] com.ecommerce.EcommerceApplication       : Started EcommerceApplication in 3.165 seconds (process running for 3.389)
